# JRE version: OpenJDK Runtime Environment Temurin-21.0.10+7 (21.0.10+7) (build 21.0.10+7-LTS)
# Java VM: OpenJDK 64-Bit Server VM Temurin-21.0.10+7 (21.0.10+7-LTS, mixed mode, sharing, tiered, compressed oops, compressed class ptrs, parallel gc, windows-amd64)
GC Precious Log:
 CardTable entry size: 512
 CPUs: 4 total, 4 available
 Memory: 7877M
 Large Page Support: Disabled
 NUMA Support: Disabled
 Compressed Oops: Enabled (32-bit)
 Alignments: Space 512K, Generation 512K, Heap 2M
 Heap Min Capacity: 100M
 Heap Initial Capacity: 100M
 Heap Max Capacity: 2G
 Pre-touch: Disabled
 Parallel Workers: 4
Heap:
 PSYoungGen      total 9216K, used 1621K [0x00000000d5580000, 0x00000000d6500000, 0x0000000100000000)
  eden space 8704K, 16% used [0x00000000d5580000,0x00000000d56ed778,0x00000000d5e00000)
  from space 512K, 31% used [0x00000000d6480000,0x00000000d64a8000,0x00000000d6500000)
  to   space 512K, 0% used [0x00000000d6400000,0x00000000d6400000,0x00000000d6480000)
 ParOldGen       total 68608K, used 50176K [0x0000000080000000, 0x0000000084300000, 0x00000000d5580000)
  object space 68608K, 73% used [0x0000000080000000,0x0000000083100390,0x0000000084300000)
 Metaspace       used 69295K, committed 70784K, reserved 1114112K
  class space    used 8701K, committed 9344K, reserved 1048576K
GC Heap History (20 events):
Event: 64.719 GC heap before
{Heap before GC invocations=78 (full 3):
 PSYoungGen      total 9216K, used 9185K [0x00000000d5580000, 0x00000000d6500000, 0x0000000100000000)
  eden space 8704K, 100% used [0x00000000d5580000,0x00000000d5e00000,0x00000000d5e00000)
  from space 512K, 94% used [0x00000000d6480000,0x00000000d64f8750,0x00000000d6500000)
  to   space 1536K, 0% used [0x00000000d6200000,0x00000000d6200000,0x00000000d6380000)
 ParOldGen       total 68608K, used 48269K [0x0000000080000000, 0x0000000084300000, 0x00000000d5580000)
  object space 68608K, 70% used [0x0000000080000000,0x0000000082f23488,0x0000000084300000)
 Metaspace       used 65722K, committed 67008K, reserved 1114112K
  class space    used 8204K, committed 8768K, reserved 1048576K
}
Event: 64.720 GC heap after
{Heap after GC invocations=78 (full 3):
 PSYoungGen      total 10240K, used 192K [0x00000000d5580000, 0x00000000d6500000, 0x0000000100000000)
  eden space 8704K, 0% used [0x00000000d5580000,0x00000000d5580000,0x00000000d5e00000)
  from space 1536K, 12% used [0x00000000d6200000,0x00000000d6230000,0x00000000d6380000)
  to   space 512K, 0% used [0x00000000d6480000,0x00000000d6480000,0x00000000d6500000)
 ParOldGen       total 68608K, used 48285K [0x0000000080000000, 0x0000000084300000, 0x00000000d5580000)
  object space 68608K, 70% used [0x0000000080000000,0x0000000082f27488,0x0000000084300000)
 Metaspace       used 65722K, committed 67008K, reserved 1114112K
  class space    used 8204K, committed 8768K, reserved 1048576K
}
Event: 64.836 GC heap before
{Heap before GC invocations=79 (full 3):
 PSYoungGen      total 10240K, used 8896K [0x00000000d5580000, 0x00000000d6500000, 0x0000000100000000)
  eden space 8704K, 100% used [0x00000000d5580000,0x00000000d5e00000,0x00000000d5e00000)
  from space 1536K, 12% used [0x00000000d6200000,0x00000000d6230000,0x00000000d6380000)
  to   space 512K, 0% used [0x00000000d6480000,0x00000000d6480000,0x00000000d6500000)
 ParOldGen       total 68608K, used 48285K [0x0000000080000000, 0x0000000084300000, 0x00000000d5580000)
  object space 68608K, 70% used [0x0000000080000000,0x0000000082f27488,0x0000000084300000)
 Metaspace       used 65722K, committed 67008K, reserved 1114112K
  class space    used 8204K, committed 8768K, reserved 1048576K
}
Event: 64.837 GC heap after
{Heap after GC invocations=79 (full 3):
 PSYoungGen      total 9216K, used 488K [0x00000000d5580000, 0x00000000d6500000, 0x0000000100000000)
  eden space 8704K, 0% used [0x00000000d5580000,0x00000000d5580000,0x00000000d5e00000)
  from space 512K, 95% used [0x00000000d6480000,0x00000000d64fa050,0x00000000d6500000)
  to   space 1024K, 0% used [0x00000000d6300000,0x00000000d6300000,0x00000000d6400000)
 ParOldGen       total 68608K, used 48486K [0x0000000080000000, 0x0000000084300000, 0x00000000d5580000)
  object space 68608K, 70% used [0x0000000080000000,0x0000000082f59850,0x0000000084300000)
 Metaspace       used 65722K, committed 67008K, reserved 1114112K
  class space    used 8204K, committed 8768K, reserved 1048576K
}
Event: 64.991 GC heap before
{Heap before GC invocations=80 (full 3):
 PSYoungGen      total 9216K, used 9192K [0x00000000d5580000, 0x00000000d6500000, 0x0000000100000000)
  eden space 8704K, 100% used [0x00000000d5580000,0x00000000d5e00000,0x00000000d5e00000)
  from space 512K, 95% used [0x00000000d6480000,0x00000000d64fa050,0x00000000d6500000)
  to   space 1024K, 0% used [0x00000000d6300000,0x00000000d6300000,0x00000000d6400000)
 ParOldGen       total 68608K, used 48486K [0x0000000080000000, 0x0000000084300000, 0x00000000d5580000)
  object space 68608K, 70% used [0x0000000080000000,0x0000000082f59850,0x0000000084300000)
 Metaspace       used 65722K, committed 67008K, reserved 1114112K
  class space    used 8204K, committed 8768K, reserved 1048576K
}
Event: 64.992 GC heap after
{Heap after GC invocations=80 (full 3):
 PSYoungGen      total 9728K, used 202K [0x00000000d5580000, 0x00000000d6500000, 0x0000000100000000)
  eden space 8704K, 0% used [0x00000000d5580000,0x00000000d5580000,0x00000000d5e00000)
  from space 1024K, 19% used [0x00000000d6300000,0x00000000d63329c8,0x00000000d6400000)
  to   space 512K, 0% used [0x00000000d6480000,0x00000000d6480000,0x00000000d6500000)
 ParOldGen       total 68608K, used 49029K [0x0000000080000000, 0x0000000084300000, 0x00000000d5580000)
  object space 68608K, 71% used [0x0000000080000000,0x0000000082fe17a0,0x0000000084300000)
 Metaspace       used 65722K, committed 67008K, reserved 1114112K
  class space    used 8204K, committed 8768K, reserved 1048576K
}
Event: 65.147 GC heap before
{Heap before GC invocations=81 (full 3):
 PSYoungGen      total 9728K, used 8906K [0x00000000d5580000, 0x00000000d6500000, 0x0000000100000000)
  eden space 8704K, 100% used [0x00000000d5580000,0x00000000d5e00000,0x00000000d5e00000)
  from space 1024K, 19% used [0x00000000d6300000,0x00000000d63329c8,0x00000000d6400000)
  to   space 512K, 0% used [0x00000000d6480000,0x00000000d6480000,0x00000000d6500000)
 ParOldGen       total 68608K, used 49029K [0x0000000080000000, 0x0000000084300000, 0x00000000d5580000)
  object space 68608K, 71% used [0x0000000080000000,0x0000000082fe17a0,0x0000000084300000)
 Metaspace       used 66275K, committed 67584K, reserved 1114112K
  class space    used 8269K, committed 8832K, reserved 1048576K
}
Event: 65.149 GC heap after
{Heap after GC invocations=81 (full 3):
 PSYoungGen      total 9216K, used 304K [0x00000000d5580000, 0x00000000d6500000, 0x0000000100000000)
  eden space 8704K, 0% used [0x00000000d5580000,0x00000000d5580000,0x00000000d5e00000)
  from space 512K, 59% used [0x00000000d6480000,0x00000000d64cc010,0x00000000d6500000)
  to   space 512K, 0% used [0x00000000d6400000,0x00000000d6400000,0x00000000d6480000)
 ParOldGen       total 68608K, used 49069K [0x0000000080000000, 0x0000000084300000, 0x00000000d5580000)
  object space 68608K, 71% used [0x0000000080000000,0x0000000082feb7b0,0x0000000084300000)
 Metaspace       used 66275K, committed 67584K, reserved 1114112K
  class space    used 8269K, committed 8832K, reserved 1048576K
}
Event: 65.358 GC heap before
{Heap before GC invocations=82 (full 3):
 PSYoungGen      total 9216K, used 9008K [0x00000000d5580000, 0x00000000d6500000, 0x0000000100000000)
  eden space 8704K, 100% used [0x00000000d5580000,0x00000000d5e00000,0x00000000d5e00000)
  from space 512K, 59% used [0x00000000d6480000,0x00000000d64cc010,0x00000000d6500000)
  to   space 512K, 0% used [0x00000000d6400000,0x00000000d6400000,0x00000000d6480000)
 ParOldGen       total 68608K, used 49069K [0x0000000080000000, 0x0000000084300000, 0x00000000d5580000)
  object space 68608K, 71% used [0x0000000080000000,0x0000000082feb7b0,0x0000000084300000)
 Metaspace       used 67163K, committed 68480K, reserved 1114112K
  class space    used 8414K, committed 8960K, reserved 1048576K
}
Event: 65.360 GC heap after
{Heap after GC invocations=82 (full 3):
 PSYoungGen      total 9216K, used 384K [0x00000000d5580000, 0x00000000d6500000, 0x0000000100000000)
  eden space 8704K, 0% used [0x00000000d5580000,0x00000000d5580000,0x00000000d5e00000)
  from space 512K, 75% used [0x00000000d6400000,0x00000000d6460000,0x00000000d6480000)
  to   space 512K, 0% used [0x00000000d6480000,0x00000000d6480000,0x00000000d6500000)
 ParOldGen       total 68608K, used 49325K [0x0000000080000000, 0x0000000084300000, 0x00000000d5580000)
  object space 68608K, 71% used [0x0000000080000000,0x000000008302b7d0,0x0000000084300000)
 Metaspace       used 67163K, committed 68480K, reserved 1114112K
  class space    used 8414K, committed 8960K, reserved 1048576K
}
Event: 65.695 GC heap before
{Heap before GC invocations=83 (full 3):
 PSYoungGen      total 9216K, used 9088K [0x00000000d5580000, 0x00000000d6500000, 0x0000000100000000)
  eden space 8704K, 100% used [0x00000000d5580000,0x00000000d5e00000,0x00000000d5e00000)
  from space 512K, 75% used [0x00000000d6400000,0x00000000d6460000,0x00000000d6480000)
  to   space 512K, 0% used [0x00000000d6480000,0x00000000d6480000,0x00000000d6500000)
 ParOldGen       total 68608K, used 49325K [0x0000000080000000, 0x0000000084300000, 0x00000000d5580000)
  object space 68608K, 71% used [0x0000000080000000,0x000000008302b7d0,0x0000000084300000)
 Metaspace       used 67823K, committed 69184K, reserved 1114112K
  class space    used 8535K, committed 9088K, reserved 1048576K
}
Event: 65.697 GC heap after
{Heap after GC invocations=83 (full 3):
 PSYoungGen      total 9216K, used 320K [0x00000000d5580000, 0x00000000d6500000, 0x0000000100000000)
  eden space 8704K, 0% used [0x00000000d5580000,0x00000000d5580000,0x00000000d5e00000)
  from space 512K, 62% used [0x00000000d6480000,0x00000000d64d0010,0x00000000d6500000)
  to   space 512K, 0% used [0x00000000d6400000,0x00000000d6400000,0x00000000d6480000)
 ParOldGen       total 68608K, used 49613K [0x0000000080000000, 0x0000000084300000, 0x00000000d5580000)
  object space 68608K, 72% used [0x0000000080000000,0x00000000830737d0,0x0000000084300000)
 Metaspace       used 67823K, committed 69184K, reserved 1114112K
  class space    used 8535K, committed 9088K, reserved 1048576K
}
Event: 74.646 GC heap before
{Heap before GC invocations=84 (full 3):
 PSYoungGen      total 9216K, used 9024K [0x00000000d5580000, 0x00000000d6500000, 0x0000000100000000)
  eden space 8704K, 100% used [0x00000000d5580000,0x00000000d5e00000,0x00000000d5e00000)
  from space 512K, 62% used [0x00000000d6480000,0x00000000d64d0010,0x00000000d6500000)
  to   space 512K, 0% used [0x00000000d6400000,0x00000000d6400000,0x00000000d6480000)
 ParOldGen       total 68608K, used 49613K [0x0000000080000000, 0x0000000084300000, 0x00000000d5580000)
  object space 68608K, 72% used [0x0000000080000000,0x00000000830737d0,0x0000000084300000)
 Metaspace       used 68861K, committed 70272K, reserved 1114112K
  class space    used 8677K, committed 9280K, reserved 1048576K
}
Event: 74.648 GC heap after
{Heap after GC invocations=84 (full 3):
 PSYoungGen      total 9216K, used 352K [0x00000000d5580000, 0x00000000d6500000, 0x0000000100000000)
  eden space 8704K, 0% used [0x00000000d5580000,0x00000000d5580000,0x00000000d5e00000)
  from space 512K, 68% used [0x00000000d6400000,0x00000000d6458000,0x00000000d6480000)
  to   space 512K, 0% used [0x00000000d6480000,0x00000000d6480000,0x00000000d6500000)
 ParOldGen       total 68608K, used 49813K [0x0000000080000000, 0x0000000084300000, 0x00000000d5580000)
  object space 68608K, 72% used [0x0000000080000000,0x00000000830a57e0,0x0000000084300000)
 Metaspace       used 68861K, committed 70272K, reserved 1114112K
  class space    used 8677K, committed 9280K, reserved 1048576K
}
Event: 93.323 GC heap before
{Heap before GC invocations=85 (full 3):
 PSYoungGen      total 9216K, used 9056K [0x00000000d5580000, 0x00000000d6500000, 0x0000000100000000)
  eden space 8704K, 100% used [0x00000000d5580000,0x00000000d5e00000,0x00000000d5e00000)
  from space 512K, 68% used [0x00000000d6400000,0x00000000d6458000,0x00000000d6480000)
  to   space 512K, 0% used [0x00000000d6480000,0x00000000d6480000,0x00000000d6500000)
 ParOldGen       total 68608K, used 49813K [0x0000000080000000, 0x0000000084300000, 0x00000000d5580000)
  object space 68608K, 72% used [0x0000000080000000,0x00000000830a57e0,0x0000000084300000)
 Metaspace       used 69182K, committed 70592K, reserved 1114112K
  class space    used 8683K, committed 9280K, reserved 1048576K
}
Event: 93.325 GC heap after
{Heap after GC invocations=85 (full 3):
 PSYoungGen      total 9216K, used 128K [0x00000000d5580000, 0x00000000d6500000, 0x0000000100000000)
  eden space 8704K, 0% used [0x00000000d5580000,0x00000000d5580000,0x00000000d5e00000)
  from space 512K, 25% used [0x00000000d6480000,0x00000000d64a0000,0x00000000d6500000)
  to   space 512K, 0% used [0x00000000d6400000,0x00000000d6400000,0x00000000d6480000)
 ParOldGen       total 68608K, used 50104K [0x0000000080000000, 0x0000000084300000, 0x00000000d5580000)
  object space 68608K, 73% used [0x0000000080000000,0x00000000830ee390,0x0000000084300000)
 Metaspace       used 69182K, committed 70592K, reserved 1114112K
  class space    used 8683K, committed 9280K, reserved 1048576K
}
Event: 99.072 GC heap before
{Heap before GC invocations=86 (full 3):
 PSYoungGen      total 9216K, used 8832K [0x00000000d5580000, 0x00000000d6500000, 0x0000000100000000)
  eden space 8704K, 100% used [0x00000000d5580000,0x00000000d5e00000,0x00000000d5e00000)
  from space 512K, 25% used [0x00000000d6480000,0x00000000d64a0000,0x00000000d6500000)
  to   space 512K, 0% used [0x00000000d6400000,0x00000000d6400000,0x00000000d6480000)
 ParOldGen       total 68608K, used 50104K [0x0000000080000000, 0x0000000084300000, 0x00000000d5580000)
  object space 68608K, 73% used [0x0000000080000000,0x00000000830ee390,0x0000000084300000)
 Metaspace       used 69183K, committed 70592K, reserved 1114112K
  class space    used 8683K, committed 9280K, reserved 1048576K
}
Event: 99.073 GC heap after
{Heap after GC invocations=86 (full 3):
 PSYoungGen      total 9216K, used 128K [0x00000000d5580000, 0x00000000d6500000, 0x0000000100000000)
  eden space 8704K, 0% used [0x00000000d5580000,0x00000000d5580000,0x00000000d5e00000)
  from space 512K, 25% used [0x00000000d6400000,0x00000000d6420000,0x00000000d6480000)
  to   space 512K, 0% used [0x00000000d6480000,0x00000000d6480000,0x00000000d6500000)
 ParOldGen       total 68608K, used 50160K [0x0000000080000000, 0x0000000084300000, 0x00000000d5580000)
  object space 68608K, 73% used [0x0000000080000000,0x00000000830fc390,0x0000000084300000)
 Metaspace       used 69183K, committed 70592K, reserved 1114112K
  class space    used 8683K, committed 9280K, reserved 1048576K
}
Event: 129.899 GC heap before
{Heap before GC invocations=87 (full 3):
 PSYoungGen      total 9216K, used 8832K [0x00000000d5580000, 0x00000000d6500000, 0x0000000100000000)
  eden space 8704K, 100% used [0x00000000d5580000,0x00000000d5e00000,0x00000000d5e00000)
  from space 512K, 25% used [0x00000000d6400000,0x00000000d6420000,0x00000000d6480000)
  to   space 512K, 0% used [0x00000000d6480000,0x00000000d6480000,0x00000000d6500000)
 ParOldGen       total 68608K, used 50160K [0x0000000080000000, 0x0000000084300000, 0x00000000d5580000)
  object space 68608K, 73% used [0x0000000080000000,0x00000000830fc390,0x0000000084300000)
 Metaspace       used 69261K, committed 70720K, reserved 1114112K
  class space    used 8694K, committed 9344K, reserved 1048576K
}
Event: 129.903 GC heap after
{Heap after GC invocations=87 (full 3):
 PSYoungGen      total 9216K, used 160K [0x00000000d5580000, 0x00000000d6500000, 0x0000000100000000)
  eden space 8704K, 0% used [0x00000000d5580000,0x00000000d5580000,0x00000000d5e00000)
  from space 512K, 31% used [0x00000000d6480000,0x00000000d64a8000,0x00000000d6500000)
  to   space 512K, 0% used [0x00000000d6400000,0x00000000d6400000,0x00000000d6480000)
 ParOldGen       total 68608K, used 50176K [0x0000000080000000, 0x0000000084300000, 0x00000000d5580000)
  object space 68608K, 73% used [0x0000000080000000,0x0000000083100390,0x0000000084300000)
 Metaspace       used 69261K, committed 70720K, reserved 1114112K
  class space    used 8694K, committed 9344K, reserved 1048576K
}

